{"C:\\Users\\Александр\\Desktop\\React\\c00b3r-react-class-components\\src\\main.tsx": {"path":"C:\\Users\\Александр\\Desktop\\React\\c00b3r-react-class-components\\src\\main.tsx","all":true,"statementMap":{"0":{"start":{"line":1,"column":0},"end":{"line":1,"column":26}},"1":{"start":{"line":2,"column":0},"end":{"line":2,"column":40}},"2":{"start":{"line":3,"column":0},"end":{"line":3,"column":21}},"3":{"start":{"line":4,"column":0},"end":{"line":4,"column":73}},"4":{"start":{"line":5,"column":0},"end":{"line":5,"column":71}},"5":{"start":{"line":6,"column":0},"end":{"line":6,"column":56}},"6":{"start":{"line":7,"column":0},"end":{"line":7,"column":53}},"7":{"start":{"line":8,"column":0},"end":{"line":8,"column":84}},"8":{"start":{"line":9,"column":0},"end":{"line":9,"column":59}},"10":{"start":{"line":11,"column":0},"end":{"line":11,"column":34}},"11":{"start":{"line":12,"column":0},"end":{"line":12,"column":3}},"12":{"start":{"line":13,"column":0},"end":{"line":13,"column":14}},"13":{"start":{"line":14,"column":0},"end":{"line":14,"column":26}},"14":{"start":{"line":15,"column":0},"end":{"line":15,"column":32}},"15":{"start":{"line":16,"column":0},"end":{"line":16,"column":15}},"16":{"start":{"line":17,"column":0},"end":{"line":17,"column":7}},"17":{"start":{"line":18,"column":0},"end":{"line":18,"column":28}},"18":{"start":{"line":19,"column":0},"end":{"line":19,"column":32}},"19":{"start":{"line":20,"column":0},"end":{"line":20,"column":33}},"20":{"start":{"line":21,"column":0},"end":{"line":21,"column":8}},"21":{"start":{"line":22,"column":0},"end":{"line":22,"column":6}},"22":{"start":{"line":23,"column":0},"end":{"line":23,"column":4}},"23":{"start":{"line":24,"column":0},"end":{"line":24,"column":3}},"25":{"start":{"line":26,"column":0},"end":{"line":26,"column":61}},"26":{"start":{"line":27,"column":0},"end":{"line":27,"column":20}},"27":{"start":{"line":28,"column":0},"end":{"line":28,"column":74}},"28":{"start":{"line":29,"column":0},"end":{"line":29,"column":38}},"29":{"start":{"line":30,"column":0},"end":{"line":30,"column":20}},"30":{"start":{"line":31,"column":0},"end":{"line":31,"column":22}},"31":{"start":{"line":32,"column":0},"end":{"line":32,"column":2}}},"s":{"0":0,"1":0,"2":0,"3":0,"4":0,"5":0,"6":0,"7":0,"8":0,"10":0,"11":0,"12":0,"13":0,"14":0,"15":0,"16":0,"17":0,"18":0,"19":0,"20":0,"21":0,"22":0,"23":0,"25":0,"26":0,"27":0,"28":0,"29":0,"30":0,"31":0},"branchMap":{"0":{"type":"branch","line":1,"loc":{"start":{"line":1,"column":996},"end":{"line":32,"column":2}},"locations":[{"start":{"line":1,"column":996},"end":{"line":32,"column":2}}]}},"b":{"0":[0]},"fnMap":{"0":{"name":"(empty-report)","decl":{"start":{"line":1,"column":996},"end":{"line":32,"column":2}},"loc":{"start":{"line":1,"column":996},"end":{"line":32,"column":2}},"line":1}},"f":{"0":0}}
,"C:\\Users\\Александр\\Desktop\\React\\c00b3r-react-class-components\\src\\components\\ErrorBoundary\\ErrorBoundary.tsx": {"path":"C:\\Users\\Александр\\Desktop\\React\\c00b3r-react-class-components\\src\\components\\ErrorBoundary\\ErrorBoundary.tsx","all":false,"statementMap":{"0":{"start":{"line":1,"column":0},"end":{"line":1,"column":56}},"11":{"start":{"line":12,"column":0},"end":{"line":12,"column":53}},"14":{"start":{"line":15,"column":0},"end":{"line":15,"column":3}},"15":{"start":{"line":16,"column":0},"end":{"line":16,"column":31}},"16":{"start":{"line":17,"column":0},"end":{"line":17,"column":20}},"17":{"start":{"line":18,"column":0},"end":{"line":18,"column":4}},"19":{"start":{"line":20,"column":0},"end":{"line":20,"column":69}},"20":{"start":{"line":21,"column":0},"end":{"line":21,"column":59}},"21":{"start":{"line":22,"column":0},"end":{"line":22,"column":30}},"22":{"start":{"line":23,"column":0},"end":{"line":23,"column":3}},"24":{"start":{"line":25,"column":0},"end":{"line":25,"column":57}},"25":{"start":{"line":26,"column":0},"end":{"line":26,"column":69}},"26":{"start":{"line":27,"column":0},"end":{"line":27,"column":3}},"28":{"start":{"line":29,"column":0},"end":{"line":29,"column":12}},"29":{"start":{"line":30,"column":0},"end":{"line":30,"column":30}},"30":{"start":{"line":31,"column":0},"end":{"line":31,"column":33}},"31":{"start":{"line":32,"column":0},"end":{"line":32,"column":5}},"33":{"start":{"line":34,"column":0},"end":{"line":34,"column":31}},"34":{"start":{"line":35,"column":0},"end":{"line":35,"column":3}},"35":{"start":{"line":36,"column":0},"end":{"line":36,"column":1}}},"s":{"0":1,"11":1,"14":1,"15":4,"16":4,"17":4,"19":1,"20":0,"21":0,"22":0,"24":1,"25":0,"26":0,"28":1,"29":4,"30":0,"31":0,"33":4,"34":4,"35":1},"branchMap":{"0":{"type":"branch","line":15,"loc":{"start":{"line":15,"column":2},"end":{"line":18,"column":4}},"locations":[{"start":{"line":15,"column":2},"end":{"line":18,"column":4}}]},"1":{"type":"branch","line":29,"loc":{"start":{"line":29,"column":2},"end":{"line":35,"column":3}},"locations":[{"start":{"line":29,"column":2},"end":{"line":35,"column":3}}]},"2":{"type":"branch","line":30,"loc":{"start":{"line":30,"column":29},"end":{"line":32,"column":5}},"locations":[{"start":{"line":30,"column":29},"end":{"line":32,"column":5}}]}},"b":{"0":[4],"1":[4],"2":[0]},"fnMap":{"0":{"name":"ErrorBoundary","decl":{"start":{"line":15,"column":2},"end":{"line":18,"column":4}},"loc":{"start":{"line":15,"column":2},"end":{"line":18,"column":4}},"line":15},"1":{"name":"getDerivedStateFromError","decl":{"start":{"line":20,"column":9},"end":{"line":23,"column":3}},"loc":{"start":{"line":20,"column":9},"end":{"line":23,"column":3}},"line":20},"2":{"name":"componentDidCatch","decl":{"start":{"line":25,"column":2},"end":{"line":27,"column":3}},"loc":{"start":{"line":25,"column":2},"end":{"line":27,"column":3}},"line":25},"3":{"name":"render","decl":{"start":{"line":29,"column":2},"end":{"line":35,"column":3}},"loc":{"start":{"line":29,"column":2},"end":{"line":35,"column":3}},"line":29}},"f":{"0":4,"1":0,"2":0,"3":4}}
,"C:\\Users\\Александр\\Desktop\\React\\c00b3r-react-class-components\\src\\components\\ListOfPeople\\ListOfPeople.tsx": {"path":"C:\\Users\\Александр\\Desktop\\React\\c00b3r-react-class-components\\src\\components\\ListOfPeople\\ListOfPeople.tsx","all":false,"statementMap":{"0":{"start":{"line":1,"column":0},"end":{"line":1,"column":49}},"2":{"start":{"line":3,"column":0},"end":{"line":3,"column":22}},"3":{"start":{"line":4,"column":0},"end":{"line":4,"column":56}},"12":{"start":{"line":13,"column":0},"end":{"line":13,"column":38}},"13":{"start":{"line":14,"column":0},"end":{"line":14,"column":7}},"14":{"start":{"line":15,"column":0},"end":{"line":15,"column":14}},"15":{"start":{"line":16,"column":0},"end":{"line":16,"column":7}},"16":{"start":{"line":17,"column":0},"end":{"line":17,"column":10}},"17":{"start":{"line":18,"column":0},"end":{"line":18,"column":23}},"18":{"start":{"line":19,"column":0},"end":{"line":19,"column":30}},"19":{"start":{"line":20,"column":0},"end":{"line":20,"column":33}},"21":{"start":{"line":22,"column":0},"end":{"line":22,"column":37}},"22":{"start":{"line":23,"column":0},"end":{"line":23,"column":19}},"23":{"start":{"line":24,"column":0},"end":{"line":24,"column":24}},"24":{"start":{"line":25,"column":0},"end":{"line":25,"column":5}},"25":{"start":{"line":26,"column":0},"end":{"line":26,"column":4}},"27":{"start":{"line":28,"column":0},"end":{"line":28,"column":33}},"28":{"start":{"line":29,"column":0},"end":{"line":29,"column":20}},"29":{"start":{"line":30,"column":0},"end":{"line":30,"column":24}},"30":{"start":{"line":31,"column":0},"end":{"line":31,"column":5}},"31":{"start":{"line":32,"column":0},"end":{"line":32,"column":4}},"32":{"start":{"line":33,"column":0},"end":{"line":33,"column":10}},"33":{"start":{"line":34,"column":0},"end":{"line":34,"column":41}},"34":{"start":{"line":35,"column":0},"end":{"line":35,"column":47}},"35":{"start":{"line":36,"column":0},"end":{"line":36,"column":24}},"36":{"start":{"line":37,"column":0},"end":{"line":37,"column":74}},"37":{"start":{"line":38,"column":0},"end":{"line":38,"column":39}},"38":{"start":{"line":39,"column":0},"end":{"line":39,"column":38}},"39":{"start":{"line":40,"column":0},"end":{"line":40,"column":20}},"40":{"start":{"line":41,"column":0},"end":{"line":41,"column":78}},"41":{"start":{"line":42,"column":0},"end":{"line":42,"column":35}},"42":{"start":{"line":43,"column":0},"end":{"line":43,"column":53}},"43":{"start":{"line":44,"column":0},"end":{"line":44,"column":90}},"46":{"start":{"line":47,"column":0},"end":{"line":47,"column":64}},"47":{"start":{"line":48,"column":0},"end":{"line":48,"column":22}},"48":{"start":{"line":49,"column":0},"end":{"line":49,"column":12}},"50":{"start":{"line":51,"column":0},"end":{"line":51,"column":70}},"52":{"start":{"line":53,"column":0},"end":{"line":53,"column":15}},"54":{"start":{"line":55,"column":0},"end":{"line":55,"column":12}},"55":{"start":{"line":56,"column":0},"end":{"line":56,"column":26}},"56":{"start":{"line":57,"column":0},"end":{"line":57,"column":12}},"57":{"start":{"line":58,"column":0},"end":{"line":58,"column":18}},"58":{"start":{"line":59,"column":0},"end":{"line":59,"column":28}},"59":{"start":{"line":60,"column":0},"end":{"line":60,"column":33}},"60":{"start":{"line":61,"column":0},"end":{"line":61,"column":23}},"61":{"start":{"line":62,"column":0},"end":{"line":62,"column":32}},"62":{"start":{"line":63,"column":0},"end":{"line":63,"column":12}},"64":{"start":{"line":65,"column":0},"end":{"line":65,"column":70}},"66":{"start":{"line":67,"column":0},"end":{"line":67,"column":19}},"67":{"start":{"line":68,"column":0},"end":{"line":68,"column":23}},"68":{"start":{"line":69,"column":0},"end":{"line":69,"column":17}},"69":{"start":{"line":70,"column":0},"end":{"line":70,"column":56}},"70":{"start":{"line":71,"column":0},"end":{"line":71,"column":37}},"71":{"start":{"line":72,"column":0},"end":{"line":72,"column":11}},"73":{"start":{"line":74,"column":0},"end":{"line":74,"column":19}},"74":{"start":{"line":75,"column":0},"end":{"line":75,"column":14}},"75":{"start":{"line":76,"column":0},"end":{"line":76,"column":15}},"76":{"start":{"line":77,"column":0},"end":{"line":77,"column":10}},"78":{"start":{"line":79,"column":0},"end":{"line":79,"column":1}}},"s":{"0":1,"2":1,"3":1,"12":25,"13":25,"14":25,"15":25,"16":25,"17":25,"18":25,"19":25,"21":25,"22":0,"23":0,"24":0,"25":0,"27":25,"28":1,"29":1,"30":1,"31":1,"32":25,"33":25,"34":25,"35":25,"36":10,"37":15,"38":4,"39":5,"40":5,"41":5,"42":5,"43":5,"46":5,"47":5,"48":4,"50":11,"52":11,"54":25,"55":25,"56":4,"57":4,"58":4,"59":4,"60":4,"61":4,"62":4,"64":4,"66":4,"67":4,"68":4,"69":4,"70":4,"71":4,"73":4,"74":4,"75":21,"76":25,"78":25},"branchMap":{"0":{"type":"branch","line":13,"loc":{"start":{"line":13,"column":0},"end":{"line":79,"column":1}},"locations":[{"start":{"line":13,"column":0},"end":{"line":79,"column":1}}]},"1":{"type":"branch","line":36,"loc":{"start":{"line":36,"column":9},"end":{"line":37,"column":74}},"locations":[{"start":{"line":36,"column":9},"end":{"line":37,"column":74}}]},"2":{"type":"branch","line":37,"loc":{"start":{"line":37,"column":69},"end":{"line":53,"column":15}},"locations":[{"start":{"line":37,"column":69},"end":{"line":53,"column":15}}]},"3":{"type":"branch","line":38,"loc":{"start":{"line":38,"column":29},"end":{"line":49,"column":12}},"locations":[{"start":{"line":38,"column":29},"end":{"line":49,"column":12}}]},"4":{"type":"branch","line":49,"loc":{"start":{"line":49,"column":11},"end":{"line":53,"column":15}},"locations":[{"start":{"line":49,"column":11},"end":{"line":53,"column":15}}]},"5":{"type":"branch","line":56,"loc":{"start":{"line":56,"column":20},"end":{"line":75,"column":14}},"locations":[{"start":{"line":56,"column":20},"end":{"line":75,"column":14}}]},"6":{"type":"branch","line":70,"loc":{"start":{"line":70,"column":36},"end":{"line":70,"column":50}},"locations":[{"start":{"line":70,"column":36},"end":{"line":70,"column":50}}]},"7":{"type":"branch","line":75,"loc":{"start":{"line":75,"column":8},"end":{"line":76,"column":15}},"locations":[{"start":{"line":75,"column":8},"end":{"line":76,"column":15}}]},"8":{"type":"branch","line":28,"loc":{"start":{"line":28,"column":26},"end":{"line":32,"column":4}},"locations":[{"start":{"line":28,"column":26},"end":{"line":32,"column":4}}]},"9":{"type":"branch","line":39,"loc":{"start":{"line":39,"column":21},"end":{"line":48,"column":22}},"locations":[{"start":{"line":39,"column":21},"end":{"line":48,"column":22}}]},"10":{"type":"branch","line":43,"loc":{"start":{"line":43,"column":25},"end":{"line":44,"column":90}},"locations":[{"start":{"line":43,"column":25},"end":{"line":44,"column":90}}]},"11":{"type":"branch","line":44,"loc":{"start":{"line":44,"column":34},"end":{"line":44,"column":56}},"locations":[{"start":{"line":44,"column":34},"end":{"line":44,"column":56}}]},"12":{"type":"branch","line":44,"loc":{"start":{"line":44,"column":62},"end":{"line":44,"column":86}},"locations":[{"start":{"line":44,"column":62},"end":{"line":44,"column":86}}]}},"b":{"0":[25],"1":[10],"2":[15],"3":[4],"4":[11],"5":[4],"6":[0],"7":[21],"8":[1],"9":[5],"10":[5],"11":[0],"12":[0]},"fnMap":{"0":{"name":"ListOfPeople","decl":{"start":{"line":13,"column":0},"end":{"line":79,"column":1}},"loc":{"start":{"line":13,"column":0},"end":{"line":79,"column":1}},"line":13},"1":{"name":"handlePreviousClick","decl":{"start":{"line":22,"column":30},"end":{"line":26,"column":4}},"loc":{"start":{"line":22,"column":30},"end":{"line":26,"column":4}},"line":22},"2":{"name":"handleNextClick","decl":{"start":{"line":28,"column":26},"end":{"line":32,"column":4}},"loc":{"start":{"line":28,"column":26},"end":{"line":32,"column":4}},"line":28},"3":{"name":"className","decl":{"start":{"line":43,"column":25},"end":{"line":44,"column":90}},"loc":{"start":{"line":43,"column":25},"end":{"line":44,"column":90}},"line":43}},"f":{"0":25,"1":0,"2":1,"3":5}}
,"C:\\Users\\Александр\\Desktop\\React\\c00b3r-react-class-components\\src\\components\\SearchBar\\SearchBar.tsx": {"path":"C:\\Users\\Александр\\Desktop\\React\\c00b3r-react-class-components\\src\\components\\SearchBar\\SearchBar.tsx","all":false,"statementMap":{"0":{"start":{"line":1,"column":0},"end":{"line":1,"column":40}},"1":{"start":{"line":2,"column":0},"end":{"line":2,"column":22}},"2":{"start":{"line":3,"column":0},"end":{"line":3,"column":47}},"9":{"start":{"line":10,"column":0},"end":{"line":10,"column":35}},"10":{"start":{"line":11,"column":0},"end":{"line":11,"column":11}},"11":{"start":{"line":12,"column":0},"end":{"line":12,"column":25}},"12":{"start":{"line":13,"column":0},"end":{"line":13,"column":20}},"13":{"start":{"line":14,"column":0},"end":{"line":14,"column":55}},"14":{"start":{"line":15,"column":0},"end":{"line":15,"column":49}},"15":{"start":{"line":16,"column":0},"end":{"line":16,"column":4}},"16":{"start":{"line":17,"column":0},"end":{"line":17,"column":33}},"18":{"start":{"line":19,"column":0},"end":{"line":19,"column":75}},"19":{"start":{"line":20,"column":0},"end":{"line":20,"column":39}},"20":{"start":{"line":21,"column":0},"end":{"line":21,"column":3}},"22":{"start":{"line":23,"column":0},"end":{"line":23,"column":26}},"23":{"start":{"line":24,"column":0},"end":{"line":24,"column":25}},"24":{"start":{"line":25,"column":0},"end":{"line":25,"column":22}},"25":{"start":{"line":26,"column":0},"end":{"line":26,"column":28}},"26":{"start":{"line":27,"column":0},"end":{"line":27,"column":20}},"27":{"start":{"line":28,"column":0},"end":{"line":28,"column":33}},"28":{"start":{"line":29,"column":0},"end":{"line":29,"column":5}},"29":{"start":{"line":30,"column":0},"end":{"line":30,"column":3}},"31":{"start":{"line":32,"column":0},"end":{"line":32,"column":10}},"32":{"start":{"line":33,"column":0},"end":{"line":33,"column":36}},"33":{"start":{"line":34,"column":0},"end":{"line":34,"column":12}},"34":{"start":{"line":35,"column":0},"end":{"line":35,"column":19}},"35":{"start":{"line":36,"column":0},"end":{"line":36,"column":26}},"36":{"start":{"line":37,"column":0},"end":{"line":37,"column":49}},"37":{"start":{"line":38,"column":0},"end":{"line":38,"column":31}},"38":{"start":{"line":39,"column":0},"end":{"line":39,"column":8}},"39":{"start":{"line":40,"column":0},"end":{"line":40,"column":58}},"40":{"start":{"line":41,"column":0},"end":{"line":41,"column":10}},"42":{"start":{"line":43,"column":0},"end":{"line":43,"column":1}}},"s":{"0":1,"1":1,"2":1,"9":31,"10":31,"11":31,"12":31,"13":31,"14":31,"15":31,"16":31,"18":31,"19":5,"20":5,"22":31,"23":2,"24":2,"25":2,"26":1,"27":1,"28":1,"29":2,"31":31,"32":31,"33":31,"34":31,"35":31,"36":31,"37":31,"38":31,"39":31,"40":31,"42":31},"branchMap":{"0":{"type":"branch","line":10,"loc":{"start":{"line":10,"column":0},"end":{"line":43,"column":1}},"locations":[{"start":{"line":10,"column":0},"end":{"line":43,"column":1}}]},"1":{"type":"branch","line":15,"loc":{"start":{"line":15,"column":41},"end":{"line":15,"column":49}},"locations":[{"start":{"line":15,"column":41},"end":{"line":15,"column":49}}]},"2":{"type":"branch","line":19,"loc":{"start":{"line":19,"column":2},"end":{"line":21,"column":3}},"locations":[{"start":{"line":19,"column":2},"end":{"line":21,"column":3}}]},"3":{"type":"branch","line":23,"loc":{"start":{"line":23,"column":2},"end":{"line":30,"column":3}},"locations":[{"start":{"line":23,"column":2},"end":{"line":30,"column":3}}]},"4":{"type":"branch","line":26,"loc":{"start":{"line":26,"column":27},"end":{"line":29,"column":5}},"locations":[{"start":{"line":26,"column":27},"end":{"line":29,"column":5}}]},"5":{"type":"branch","line":37,"loc":{"start":{"line":37,"column":18},"end":{"line":37,"column":49}},"locations":[{"start":{"line":37,"column":18},"end":{"line":37,"column":49}}]}},"b":{"0":[31],"1":[9],"2":[5],"3":[2],"4":[1],"5":[5]},"fnMap":{"0":{"name":"SearchBar","decl":{"start":{"line":10,"column":0},"end":{"line":43,"column":1}},"loc":{"start":{"line":10,"column":0},"end":{"line":43,"column":1}},"line":10},"1":{"name":"handleChange","decl":{"start":{"line":19,"column":2},"end":{"line":21,"column":3}},"loc":{"start":{"line":19,"column":2},"end":{"line":21,"column":3}},"line":19},"2":{"name":"handleClick","decl":{"start":{"line":23,"column":2},"end":{"line":30,"column":3}},"loc":{"start":{"line":23,"column":2},"end":{"line":30,"column":3}},"line":23},"3":{"name":"onChange","decl":{"start":{"line":37,"column":18},"end":{"line":37,"column":49}},"loc":{"start":{"line":37,"column":18},"end":{"line":37,"column":49}},"line":37}},"f":{"0":31,"1":5,"2":2,"3":5}}
,"C:\\Users\\Александр\\Desktop\\React\\c00b3r-react-class-components\\src\\hooks\\useLocalStorage.tsx": {"path":"C:\\Users\\Александр\\Desktop\\React\\c00b3r-react-class-components\\src\\hooks\\useLocalStorage.tsx","all":false,"statementMap":{"0":{"start":{"line":1,"column":0},"end":{"line":1,"column":44}},"2":{"start":{"line":3,"column":0},"end":{"line":3,"column":24}},"4":{"start":{"line":5,"column":0},"end":{"line":5,"column":39}},"5":{"start":{"line":6,"column":0},"end":{"line":6,"column":44}},"6":{"start":{"line":7,"column":0},"end":{"line":7,"column":29}},"8":{"start":{"line":9,"column":0},"end":{"line":9,"column":9}},"9":{"start":{"line":10,"column":0},"end":{"line":10,"column":63}},"10":{"start":{"line":11,"column":0},"end":{"line":11,"column":21}},"11":{"start":{"line":12,"column":0},"end":{"line":12,"column":25}},"12":{"start":{"line":13,"column":0},"end":{"line":13,"column":34}},"13":{"start":{"line":14,"column":0},"end":{"line":14,"column":5}},"15":{"start":{"line":16,"column":0},"end":{"line":16,"column":24}},"16":{"start":{"line":17,"column":0},"end":{"line":17,"column":5}},"18":{"start":{"line":19,"column":0},"end":{"line":19,"column":19}},"19":{"start":{"line":20,"column":0},"end":{"line":20,"column":37}},"20":{"start":{"line":21,"column":0},"end":{"line":21,"column":19}},"22":{"start":{"line":23,"column":0},"end":{"line":23,"column":36}},"23":{"start":{"line":24,"column":0},"end":{"line":24,"column":1}},"25":{"start":{"line":26,"column":0},"end":{"line":26,"column":31}}},"s":{"0":1,"2":1,"4":21,"5":21,"6":8,"8":8,"9":8,"10":8,"11":0,"12":0,"13":0,"15":8,"16":21,"18":21,"19":8,"20":21,"22":21,"23":21,"25":1},"branchMap":{"0":{"type":"branch","line":5,"loc":{"start":{"line":5,"column":0},"end":{"line":24,"column":1}},"locations":[{"start":{"line":5,"column":0},"end":{"line":24,"column":1}}]},"1":{"type":"branch","line":6,"loc":{"start":{"line":6,"column":37},"end":{"line":17,"column":3}},"locations":[{"start":{"line":6,"column":37},"end":{"line":17,"column":3}}]},"2":{"type":"branch","line":11,"loc":{"start":{"line":11,"column":4},"end":{"line":14,"column":5}},"locations":[{"start":{"line":11,"column":4},"end":{"line":14,"column":5}}]},"3":{"type":"branch","line":19,"loc":{"start":{"line":19,"column":12},"end":{"line":21,"column":5}},"locations":[{"start":{"line":19,"column":12},"end":{"line":21,"column":5}}]}},"b":{"0":[21],"1":[8],"2":[0],"3":[8]},"fnMap":{"0":{"name":"useLocalStorage","decl":{"start":{"line":5,"column":0},"end":{"line":24,"column":1}},"loc":{"start":{"line":5,"column":0},"end":{"line":24,"column":1}},"line":5}},"f":{"0":21}}
,"C:\\Users\\Александр\\Desktop\\React\\c00b3r-react-class-components\\src\\pages\\DetailPage\\DetailPage.tsx": {"path":"C:\\Users\\Александр\\Desktop\\React\\c00b3r-react-class-components\\src\\pages\\DetailPage\\DetailPage.tsx","all":false,"statementMap":{"0":{"start":{"line":1,"column":0},"end":{"line":1,"column":49}},"1":{"start":{"line":2,"column":0},"end":{"line":2,"column":75}},"2":{"start":{"line":3,"column":0},"end":{"line":3,"column":26}},"5":{"start":{"line":6,"column":0},"end":{"line":6,"column":38}},"6":{"start":{"line":7,"column":0},"end":{"line":7,"column":47}},"7":{"start":{"line":8,"column":0},"end":{"line":8,"column":50}},"8":{"start":{"line":9,"column":0},"end":{"line":9,"column":33}},"9":{"start":{"line":10,"column":0},"end":{"line":10,"column":33}},"11":{"start":{"line":12,"column":0},"end":{"line":12,"column":29}},"12":{"start":{"line":13,"column":0},"end":{"line":13,"column":36}},"13":{"start":{"line":14,"column":0},"end":{"line":14,"column":4}},"15":{"start":{"line":16,"column":0},"end":{"line":16,"column":19}},"16":{"start":{"line":17,"column":0},"end":{"line":17,"column":55}},"17":{"start":{"line":18,"column":0},"end":{"line":18,"column":49}},"18":{"start":{"line":19,"column":0},"end":{"line":19,"column":10}},"19":{"start":{"line":20,"column":0},"end":{"line":20,"column":22}},"20":{"start":{"line":21,"column":0},"end":{"line":21,"column":54}},"21":{"start":{"line":22,"column":0},"end":{"line":22,"column":28}},"22":{"start":{"line":23,"column":0},"end":{"line":23,"column":9}},"23":{"start":{"line":24,"column":0},"end":{"line":24,"column":40}},"24":{"start":{"line":25,"column":0},"end":{"line":25,"column":7}},"25":{"start":{"line":26,"column":0},"end":{"line":26,"column":6}},"27":{"start":{"line":28,"column":0},"end":{"line":28,"column":57}},"28":{"start":{"line":29,"column":0},"end":{"line":29,"column":18}},"29":{"start":{"line":30,"column":0},"end":{"line":30,"column":62}},"30":{"start":{"line":31,"column":0},"end":{"line":31,"column":6}},"31":{"start":{"line":32,"column":0},"end":{"line":32,"column":27}},"33":{"start":{"line":34,"column":0},"end":{"line":34,"column":10}},"34":{"start":{"line":35,"column":0},"end":{"line":35,"column":42}},"35":{"start":{"line":36,"column":0},"end":{"line":36,"column":9}},"36":{"start":{"line":37,"column":0},"end":{"line":37,"column":75}},"37":{"start":{"line":38,"column":0},"end":{"line":38,"column":10}},"38":{"start":{"line":39,"column":0},"end":{"line":39,"column":9}},"39":{"start":{"line":40,"column":0},"end":{"line":40,"column":71}},"40":{"start":{"line":41,"column":0},"end":{"line":41,"column":10}},"41":{"start":{"line":42,"column":0},"end":{"line":42,"column":9}},"42":{"start":{"line":43,"column":0},"end":{"line":43,"column":67}},"43":{"start":{"line":44,"column":0},"end":{"line":44,"column":27}},"44":{"start":{"line":45,"column":0},"end":{"line":45,"column":10}},"45":{"start":{"line":46,"column":0},"end":{"line":46,"column":9}},"46":{"start":{"line":47,"column":0},"end":{"line":47,"column":75}},"47":{"start":{"line":48,"column":0},"end":{"line":48,"column":10}},"48":{"start":{"line":49,"column":0},"end":{"line":49,"column":50}},"49":{"start":{"line":50,"column":0},"end":{"line":50,"column":10}},"51":{"start":{"line":52,"column":0},"end":{"line":52,"column":1}}},"s":{"0":1,"1":1,"2":1,"5":2,"6":2,"7":2,"8":2,"9":2,"11":2,"12":1,"13":1,"15":2,"16":2,"17":1,"18":1,"19":1,"20":1,"21":0,"22":1,"23":0,"24":0,"25":1,"27":2,"28":2,"29":2,"30":2,"31":2,"33":2,"34":2,"35":2,"36":2,"37":2,"38":2,"39":2,"40":2,"41":2,"42":2,"43":2,"44":2,"45":2,"46":2,"47":2,"48":2,"49":2,"51":2},"branchMap":{"0":{"type":"branch","line":6,"loc":{"start":{"line":6,"column":0},"end":{"line":52,"column":1}},"locations":[{"start":{"line":6,"column":0},"end":{"line":52,"column":1}}]},"1":{"type":"branch","line":12,"loc":{"start":{"line":12,"column":22},"end":{"line":14,"column":4}},"locations":[{"start":{"line":12,"column":22},"end":{"line":14,"column":4}}]},"2":{"type":"branch","line":16,"loc":{"start":{"line":16,"column":12},"end":{"line":32,"column":5}},"locations":[{"start":{"line":16,"column":12},"end":{"line":32,"column":5}}]},"3":{"type":"branch","line":17,"loc":{"start":{"line":17,"column":31},"end":{"line":26,"column":6}},"locations":[{"start":{"line":17,"column":31},"end":{"line":26,"column":6}}]},"4":{"type":"branch","line":21,"loc":{"start":{"line":21,"column":50},"end":{"line":22,"column":28}},"locations":[{"start":{"line":21,"column":50},"end":{"line":22,"column":28}}]},"5":{"type":"branch","line":23,"loc":{"start":{"line":23,"column":8},"end":{"line":25,"column":7}},"locations":[{"start":{"line":23,"column":8},"end":{"line":25,"column":7}}]},"6":{"type":"branch","line":29,"loc":{"start":{"line":29,"column":11},"end":{"line":31,"column":6}},"locations":[{"start":{"line":29,"column":11},"end":{"line":31,"column":6}}]}},"b":{"0":[2],"1":[1],"2":[2],"3":[1],"4":[0],"5":[0],"6":[2]},"fnMap":{"0":{"name":"DetailPage","decl":{"start":{"line":6,"column":0},"end":{"line":52,"column":1}},"loc":{"start":{"line":6,"column":0},"end":{"line":52,"column":1}},"line":6},"1":{"name":"handleClose","decl":{"start":{"line":12,"column":22},"end":{"line":14,"column":4}},"loc":{"start":{"line":12,"column":22},"end":{"line":14,"column":4}},"line":12},"2":{"name":"handleClickOutside","decl":{"start":{"line":17,"column":31},"end":{"line":26,"column":6}},"loc":{"start":{"line":17,"column":31},"end":{"line":26,"column":6}},"line":17}},"f":{"0":2,"1":1,"2":1}}
,"C:\\Users\\Александр\\Desktop\\React\\c00b3r-react-class-components\\src\\pages\\DetailPage\\DetailPageLoader.ts": {"path":"C:\\Users\\Александр\\Desktop\\React\\c00b3r-react-class-components\\src\\pages\\DetailPage\\DetailPageLoader.ts","all":false,"statementMap":{"0":{"start":{"line":1,"column":0},"end":{"line":1,"column":54}},"1":{"start":{"line":2,"column":0},"end":{"line":2,"column":57}},"3":{"start":{"line":4,"column":0},"end":{"line":4,"column":62}},"4":{"start":{"line":5,"column":0},"end":{"line":5,"column":55}},"5":{"start":{"line":6,"column":0},"end":{"line":6,"column":16}},"6":{"start":{"line":7,"column":0},"end":{"line":7,"column":1}}},"s":{"0":1,"1":1,"3":2,"4":2,"5":2,"6":2},"branchMap":{"0":{"type":"branch","line":4,"loc":{"start":{"line":4,"column":0},"end":{"line":7,"column":1}},"locations":[{"start":{"line":4,"column":0},"end":{"line":7,"column":1}}]}},"b":{"0":[2]},"fnMap":{"0":{"name":"loader","decl":{"start":{"line":4,"column":0},"end":{"line":7,"column":1}},"loc":{"start":{"line":4,"column":0},"end":{"line":7,"column":1}},"line":4}},"f":{"0":2}}
,"C:\\Users\\Александр\\Desktop\\React\\c00b3r-react-class-components\\src\\pages\\ErrorPage\\ErrorPage.tsx": {"path":"C:\\Users\\Александр\\Desktop\\React\\c00b3r-react-class-components\\src\\pages\\ErrorPage\\ErrorPage.tsx","all":false,"statementMap":{"0":{"start":{"line":1,"column":0},"end":{"line":1,"column":26}},"1":{"start":{"line":2,"column":0},"end":{"line":2,"column":47}},"3":{"start":{"line":4,"column":0},"end":{"line":4,"column":37}},"4":{"start":{"line":5,"column":0},"end":{"line":5,"column":33}},"6":{"start":{"line":7,"column":0},"end":{"line":7,"column":26}},"7":{"start":{"line":8,"column":0},"end":{"line":8,"column":18}},"8":{"start":{"line":9,"column":0},"end":{"line":9,"column":3}},"10":{"start":{"line":11,"column":0},"end":{"line":11,"column":10}},"11":{"start":{"line":12,"column":0},"end":{"line":12,"column":75}},"12":{"start":{"line":13,"column":0},"end":{"line":13,"column":35}},"13":{"start":{"line":14,"column":0},"end":{"line":14,"column":13}},"14":{"start":{"line":15,"column":0},"end":{"line":15,"column":29}},"15":{"start":{"line":16,"column":0},"end":{"line":16,"column":55}},"16":{"start":{"line":17,"column":0},"end":{"line":17,"column":7}},"18":{"start":{"line":19,"column":0},"end":{"line":19,"column":15}},"19":{"start":{"line":20,"column":0},"end":{"line":20,"column":10}},"21":{"start":{"line":22,"column":0},"end":{"line":22,"column":1}}},"s":{"0":1,"1":1,"3":2,"4":2,"6":2,"7":0,"8":0,"10":2,"11":2,"12":2,"13":2,"14":2,"15":2,"16":2,"18":2,"19":2,"21":2},"branchMap":{"0":{"type":"branch","line":4,"loc":{"start":{"line":4,"column":0},"end":{"line":22,"column":1}},"locations":[{"start":{"line":4,"column":0},"end":{"line":22,"column":1}}]}},"b":{"0":[2]},"fnMap":{"0":{"name":"ErrorPage","decl":{"start":{"line":4,"column":0},"end":{"line":22,"column":1}},"loc":{"start":{"line":4,"column":0},"end":{"line":22,"column":1}},"line":4},"1":{"name":"handleClick","decl":{"start":{"line":7,"column":2},"end":{"line":9,"column":3}},"loc":{"start":{"line":7,"column":2},"end":{"line":9,"column":3}},"line":7}},"f":{"0":2,"1":0}}
,"C:\\Users\\Александр\\Desktop\\React\\c00b3r-react-class-components\\src\\pages\\MainPage\\MainPage.tsx": {"path":"C:\\Users\\Александр\\Desktop\\React\\c00b3r-react-class-components\\src\\pages\\MainPage\\MainPage.tsx","all":false,"statementMap":{"0":{"start":{"line":1,"column":0},"end":{"line":1,"column":51}},"2":{"start":{"line":3,"column":0},"end":{"line":3,"column":58}},"3":{"start":{"line":4,"column":0},"end":{"line":4,"column":53}},"4":{"start":{"line":5,"column":0},"end":{"line":5,"column":61}},"5":{"start":{"line":6,"column":0},"end":{"line":6,"column":70}},"6":{"start":{"line":7,"column":0},"end":{"line":7,"column":24}},"7":{"start":{"line":8,"column":0},"end":{"line":8,"column":72}},"9":{"start":{"line":10,"column":0},"end":{"line":10,"column":36}},"10":{"start":{"line":11,"column":0},"end":{"line":11,"column":58}},"11":{"start":{"line":12,"column":0},"end":{"line":12,"column":13}},"12":{"start":{"line":13,"column":0},"end":{"line":13,"column":13}},"13":{"start":{"line":14,"column":0},"end":{"line":14,"column":19}},"14":{"start":{"line":15,"column":0},"end":{"line":15,"column":16}},"15":{"start":{"line":16,"column":0},"end":{"line":16,"column":5}},"16":{"start":{"line":17,"column":0},"end":{"line":17,"column":57}},"17":{"start":{"line":18,"column":0},"end":{"line":18,"column":49}},"18":{"start":{"line":19,"column":0},"end":{"line":19,"column":38}},"19":{"start":{"line":20,"column":0},"end":{"line":20,"column":60}},"20":{"start":{"line":21,"column":0},"end":{"line":21,"column":33}},"22":{"start":{"line":23,"column":0},"end":{"line":23,"column":72}},"23":{"start":{"line":24,"column":0},"end":{"line":24,"column":21}},"24":{"start":{"line":25,"column":0},"end":{"line":25,"column":9}},"25":{"start":{"line":26,"column":0},"end":{"line":26,"column":71}},"26":{"start":{"line":27,"column":0},"end":{"line":27,"column":17}},"27":{"start":{"line":28,"column":0},"end":{"line":28,"column":30}},"28":{"start":{"line":29,"column":0},"end":{"line":29,"column":26}},"29":{"start":{"line":30,"column":0},"end":{"line":30,"column":7}},"30":{"start":{"line":31,"column":0},"end":{"line":31,"column":21}},"31":{"start":{"line":32,"column":0},"end":{"line":32,"column":24}},"32":{"start":{"line":33,"column":0},"end":{"line":33,"column":51}},"33":{"start":{"line":34,"column":0},"end":{"line":34,"column":18}},"34":{"start":{"line":35,"column":0},"end":{"line":35,"column":5}},"35":{"start":{"line":36,"column":0},"end":{"line":36,"column":4}},"37":{"start":{"line":38,"column":0},"end":{"line":38,"column":52}},"38":{"start":{"line":39,"column":0},"end":{"line":39,"column":50}},"39":{"start":{"line":40,"column":0},"end":{"line":40,"column":36}},"40":{"start":{"line":41,"column":0},"end":{"line":41,"column":48}},"41":{"start":{"line":42,"column":0},"end":{"line":42,"column":26}},"42":{"start":{"line":43,"column":0},"end":{"line":43,"column":12}},"43":{"start":{"line":44,"column":0},"end":{"line":44,"column":46}},"44":{"start":{"line":45,"column":0},"end":{"line":45,"column":65}},"45":{"start":{"line":46,"column":0},"end":{"line":46,"column":5}},"46":{"start":{"line":47,"column":0},"end":{"line":47,"column":43}},"47":{"start":{"line":48,"column":0},"end":{"line":48,"column":3}},"49":{"start":{"line":50,"column":0},"end":{"line":50,"column":19}},"50":{"start":{"line":51,"column":0},"end":{"line":51,"column":71}},"51":{"start":{"line":52,"column":0},"end":{"line":52,"column":68}},"52":{"start":{"line":53,"column":0},"end":{"line":53,"column":44}},"53":{"start":{"line":54,"column":0},"end":{"line":54,"column":39}},"55":{"start":{"line":56,"column":0},"end":{"line":56,"column":10}},"56":{"start":{"line":57,"column":0},"end":{"line":57,"column":34}},"57":{"start":{"line":58,"column":0},"end":{"line":58,"column":16}},"58":{"start":{"line":59,"column":0},"end":{"line":59,"column":31}},"59":{"start":{"line":60,"column":0},"end":{"line":60,"column":52}},"60":{"start":{"line":61,"column":0},"end":{"line":61,"column":8}},"61":{"start":{"line":62,"column":0},"end":{"line":62,"column":12}},"62":{"start":{"line":63,"column":0},"end":{"line":63,"column":21}},"63":{"start":{"line":64,"column":0},"end":{"line":64,"column":37}},"64":{"start":{"line":65,"column":0},"end":{"line":65,"column":31}},"65":{"start":{"line":66,"column":0},"end":{"line":66,"column":62}},"66":{"start":{"line":67,"column":0},"end":{"line":67,"column":30}},"67":{"start":{"line":68,"column":0},"end":{"line":68,"column":29}},"68":{"start":{"line":69,"column":0},"end":{"line":69,"column":39}},"69":{"start":{"line":70,"column":0},"end":{"line":70,"column":36}},"70":{"start":{"line":71,"column":0},"end":{"line":71,"column":15}},"71":{"start":{"line":72,"column":0},"end":{"line":72,"column":66}},"72":{"start":{"line":73,"column":0},"end":{"line":73,"column":12}},"73":{"start":{"line":74,"column":0},"end":{"line":74,"column":10}},"74":{"start":{"line":75,"column":0},"end":{"line":75,"column":18}},"75":{"start":{"line":76,"column":0},"end":{"line":76,"column":13}},"76":{"start":{"line":77,"column":0},"end":{"line":77,"column":10}},"78":{"start":{"line":79,"column":0},"end":{"line":79,"column":1}}},"s":{"0":1,"2":1,"3":1,"4":1,"5":1,"6":1,"7":1,"9":21,"10":21,"11":21,"12":21,"13":21,"14":21,"15":21,"16":21,"17":21,"18":21,"19":21,"20":21,"22":21,"23":9,"24":9,"25":9,"26":7,"27":2,"28":2,"29":2,"30":9,"31":1,"32":1,"33":1,"34":1,"35":9,"37":21,"38":0,"39":0,"40":0,"41":0,"42":0,"43":0,"44":0,"45":0,"46":0,"47":0,"49":21,"50":9,"51":9,"52":9,"53":21,"55":21,"56":21,"57":21,"58":21,"59":21,"60":21,"61":21,"62":21,"63":21,"64":21,"65":21,"66":21,"67":1,"68":1,"69":1,"70":1,"71":1,"72":1,"73":21,"74":21,"75":21,"76":21,"78":21},"branchMap":{"0":{"type":"branch","line":10,"loc":{"start":{"line":10,"column":0},"end":{"line":79,"column":1}},"locations":[{"start":{"line":10,"column":0},"end":{"line":79,"column":1}}]},"1":{"type":"branch","line":66,"loc":{"start":{"line":66,"column":48},"end":{"line":66,"column":58}},"locations":[{"start":{"line":66,"column":48},"end":{"line":66,"column":58}}]},"2":{"type":"branch","line":23,"loc":{"start":{"line":23,"column":26},"end":{"line":36,"column":4}},"locations":[{"start":{"line":23,"column":26},"end":{"line":36,"column":4}}]},"3":{"type":"branch","line":26,"loc":{"start":{"line":26,"column":69},"end":{"line":30,"column":7}},"locations":[{"start":{"line":26,"column":69},"end":{"line":30,"column":7}}]},"4":{"type":"branch","line":26,"loc":{"start":{"line":26,"column":69},"end":{"line":27,"column":16}},"locations":[{"start":{"line":26,"column":69},"end":{"line":27,"column":16}}]},"5":{"type":"branch","line":27,"loc":{"start":{"line":27,"column":16},"end":{"line":30,"column":7}},"locations":[{"start":{"line":27,"column":16},"end":{"line":30,"column":7}}]},"6":{"type":"branch","line":31,"loc":{"start":{"line":31,"column":4},"end":{"line":35,"column":5}},"locations":[{"start":{"line":31,"column":4},"end":{"line":35,"column":5}}]},"7":{"type":"branch","line":50,"loc":{"start":{"line":50,"column":12},"end":{"line":54,"column":5}},"locations":[{"start":{"line":50,"column":12},"end":{"line":54,"column":5}}]},"8":{"type":"branch","line":52,"loc":{"start":{"line":52,"column":54},"end":{"line":52,"column":64}},"locations":[{"start":{"line":52,"column":54},"end":{"line":52,"column":64}}]},"9":{"type":"branch","line":67,"loc":{"start":{"line":67,"column":19},"end":{"line":73,"column":12}},"locations":[{"start":{"line":67,"column":19},"end":{"line":73,"column":12}}]}},"b":{"0":[21],"1":[19],"2":[9],"3":[7],"4":[5],"5":[2],"6":[1],"7":[9],"8":[8],"9":[1]},"fnMap":{"0":{"name":"MainPage","decl":{"start":{"line":10,"column":0},"end":{"line":79,"column":1}},"loc":{"start":{"line":10,"column":0},"end":{"line":79,"column":1}},"line":10},"1":{"name":"getDataOfPeople","decl":{"start":{"line":23,"column":26},"end":{"line":36,"column":4}},"loc":{"start":{"line":23,"column":26},"end":{"line":36,"column":4}},"line":23},"2":{"name":"handleSearch","decl":{"start":{"line":38,"column":2},"end":{"line":48,"column":3}},"loc":{"start":{"line":38,"column":2},"end":{"line":48,"column":3}},"line":38},"3":{"name":"setPage","decl":{"start":{"line":67,"column":19},"end":{"line":73,"column":12}},"loc":{"start":{"line":67,"column":19},"end":{"line":73,"column":12}},"line":67}},"f":{"0":21,"1":9,"2":0,"3":1}}
,"C:\\Users\\Александр\\Desktop\\React\\c00b3r-react-class-components\\src\\service\\api.ts": {"path":"C:\\Users\\Александр\\Desktop\\React\\c00b3r-react-class-components\\src\\service\\api.ts","all":false,"statementMap":{"0":{"start":{"line":1,"column":0},"end":{"line":1,"column":36}},"1":{"start":{"line":2,"column":0},"end":{"line":2,"column":27}},"2":{"start":{"line":3,"column":0},"end":{"line":3,"column":19}},"3":{"start":{"line":4,"column":0},"end":{"line":4,"column":3}},"4":{"start":{"line":5,"column":0},"end":{"line":5,"column":31}},"5":{"start":{"line":6,"column":0},"end":{"line":6,"column":71}},"6":{"start":{"line":7,"column":0},"end":{"line":7,"column":4}},"7":{"start":{"line":8,"column":0},"end":{"line":8,"column":37}},"9":{"start":{"line":10,"column":0},"end":{"line":10,"column":14}},"10":{"start":{"line":11,"column":0},"end":{"line":11,"column":1}},"12":{"start":{"line":13,"column":0},"end":{"line":13,"column":76}},"13":{"start":{"line":14,"column":0},"end":{"line":14,"column":77}},"14":{"start":{"line":15,"column":0},"end":{"line":15,"column":37}},"16":{"start":{"line":17,"column":0},"end":{"line":17,"column":14}},"17":{"start":{"line":18,"column":0},"end":{"line":18,"column":1}},"19":{"start":{"line":20,"column":0},"end":{"line":20,"column":36}}},"s":{"0":6,"1":6,"2":6,"3":6,"4":6,"5":6,"6":6,"7":3,"9":3,"10":3,"12":0,"13":0,"14":0,"16":0,"17":0,"19":1},"branchMap":{"0":{"type":"branch","line":1,"loc":{"start":{"line":1,"column":0},"end":{"line":11,"column":1}},"locations":[{"start":{"line":1,"column":0},"end":{"line":11,"column":1}}]},"1":{"type":"branch","line":7,"loc":{"start":{"line":7,"column":2},"end":{"line":11,"column":1}},"locations":[{"start":{"line":7,"column":2},"end":{"line":11,"column":1}}]}},"b":{"0":[6],"1":[3]},"fnMap":{"0":{"name":"fetchDataOfPeopleApi","decl":{"start":{"line":1,"column":0},"end":{"line":11,"column":1}},"loc":{"start":{"line":1,"column":0},"end":{"line":11,"column":1}},"line":1},"1":{"name":"fetchDataOfPersonApi","decl":{"start":{"line":13,"column":0},"end":{"line":18,"column":1}},"loc":{"start":{"line":13,"column":0},"end":{"line":18,"column":1}},"line":13}},"f":{"0":6,"1":0}}
,"C:\\Users\\Александр\\Desktop\\React\\c00b3r-react-class-components\\src\\tests\\components\\mockData.ts": {"path":"C:\\Users\\Александр\\Desktop\\React\\c00b3r-react-class-components\\src\\tests\\components\\mockData.ts","all":false,"statementMap":{"0":{"start":{"line":1,"column":0},"end":{"line":1,"column":25}},"1":{"start":{"line":2,"column":0},"end":{"line":2,"column":11}},"2":{"start":{"line":3,"column":0},"end":{"line":3,"column":46}},"3":{"start":{"line":4,"column":0},"end":{"line":4,"column":17}},"4":{"start":{"line":5,"column":0},"end":{"line":5,"column":12}},"5":{"start":{"line":6,"column":0},"end":{"line":6,"column":5}},"6":{"start":{"line":7,"column":0},"end":{"line":7,"column":29}},"7":{"start":{"line":8,"column":0},"end":{"line":8,"column":20}},"8":{"start":{"line":9,"column":0},"end":{"line":9,"column":17}},"9":{"start":{"line":10,"column":0},"end":{"line":10,"column":26}},"10":{"start":{"line":11,"column":0},"end":{"line":11,"column":25}},"11":{"start":{"line":12,"column":0},"end":{"line":12,"column":24}},"12":{"start":{"line":13,"column":0},"end":{"line":13,"column":26}},"13":{"start":{"line":14,"column":0},"end":{"line":14,"column":21}},"14":{"start":{"line":15,"column":0},"end":{"line":15,"column":52}},"15":{"start":{"line":16,"column":0},"end":{"line":16,"column":14}},"16":{"start":{"line":17,"column":0},"end":{"line":17,"column":41}},"17":{"start":{"line":18,"column":0},"end":{"line":18,"column":41}},"18":{"start":{"line":19,"column":0},"end":{"line":19,"column":41}},"19":{"start":{"line":20,"column":0},"end":{"line":20,"column":41}},"20":{"start":{"line":21,"column":0},"end":{"line":21,"column":8}},"21":{"start":{"line":22,"column":0},"end":{"line":22,"column":18}},"22":{"start":{"line":23,"column":0},"end":{"line":23,"column":17}},"23":{"start":{"line":24,"column":0},"end":{"line":24,"column":45}},"24":{"start":{"line":25,"column":0},"end":{"line":25,"column":45}},"25":{"start":{"line":26,"column":0},"end":{"line":26,"column":8}},"26":{"start":{"line":27,"column":0},"end":{"line":27,"column":18}},"27":{"start":{"line":28,"column":0},"end":{"line":28,"column":46}},"28":{"start":{"line":29,"column":0},"end":{"line":29,"column":46}},"29":{"start":{"line":30,"column":0},"end":{"line":30,"column":8}},"30":{"start":{"line":31,"column":0},"end":{"line":31,"column":45}},"31":{"start":{"line":32,"column":0},"end":{"line":32,"column":44}},"32":{"start":{"line":33,"column":0},"end":{"line":33,"column":45}},"33":{"start":{"line":34,"column":0},"end":{"line":34,"column":6}},"34":{"start":{"line":35,"column":0},"end":{"line":35,"column":5}},"35":{"start":{"line":36,"column":0},"end":{"line":36,"column":20}},"36":{"start":{"line":37,"column":0},"end":{"line":37,"column":20}},"37":{"start":{"line":38,"column":0},"end":{"line":38,"column":17}},"38":{"start":{"line":39,"column":0},"end":{"line":39,"column":24}},"39":{"start":{"line":40,"column":0},"end":{"line":40,"column":25}},"40":{"start":{"line":41,"column":0},"end":{"line":41,"column":26}},"41":{"start":{"line":42,"column":0},"end":{"line":42,"column":27}},"42":{"start":{"line":43,"column":0},"end":{"line":43,"column":20}},"43":{"start":{"line":44,"column":0},"end":{"line":44,"column":52}},"44":{"start":{"line":45,"column":0},"end":{"line":45,"column":14}},"45":{"start":{"line":46,"column":0},"end":{"line":46,"column":41}},"46":{"start":{"line":47,"column":0},"end":{"line":47,"column":41}},"47":{"start":{"line":48,"column":0},"end":{"line":48,"column":41}},"48":{"start":{"line":49,"column":0},"end":{"line":49,"column":41}},"49":{"start":{"line":50,"column":0},"end":{"line":50,"column":41}},"50":{"start":{"line":51,"column":0},"end":{"line":51,"column":41}},"51":{"start":{"line":52,"column":0},"end":{"line":52,"column":8}},"52":{"start":{"line":53,"column":0},"end":{"line":53,"column":52}},"53":{"start":{"line":54,"column":0},"end":{"line":54,"column":19}},"54":{"start":{"line":55,"column":0},"end":{"line":55,"column":20}},"55":{"start":{"line":56,"column":0},"end":{"line":56,"column":45}},"56":{"start":{"line":57,"column":0},"end":{"line":57,"column":44}},"57":{"start":{"line":58,"column":0},"end":{"line":58,"column":45}},"58":{"start":{"line":59,"column":0},"end":{"line":59,"column":6}},"59":{"start":{"line":60,"column":0},"end":{"line":60,"column":4}},"60":{"start":{"line":61,"column":0},"end":{"line":61,"column":2}}},"s":{"0":1,"1":1,"2":1,"3":1,"4":1,"5":1,"6":1,"7":1,"8":1,"9":1,"10":1,"11":1,"12":1,"13":1,"14":1,"15":1,"16":1,"17":1,"18":1,"19":1,"20":1,"21":1,"22":1,"23":1,"24":1,"25":1,"26":1,"27":1,"28":1,"29":1,"30":1,"31":1,"32":1,"33":1,"34":1,"35":1,"36":1,"37":1,"38":1,"39":1,"40":1,"41":1,"42":1,"43":1,"44":1,"45":1,"46":1,"47":1,"48":1,"49":1,"50":1,"51":1,"52":1,"53":1,"54":1,"55":1,"56":1,"57":1,"58":1,"59":1,"60":1},"branchMap":{},"b":{},"fnMap":{},"f":{}}
}
